#
# A fatal error has been detected by the Java Runtime Environment:
#
#  EXCEPTION_ACCESS_VIOLATION (0xc0000005) at pc=0x000002110f57173f, pid=11584, tid=2784
#
# JRE version: Java(TM) SE Runtime Environment (20.0+36) (build 20+36-2344)
# Java VM: Java HotSpot(TM) 64-Bit Server VM (20+36-2344, mixed mode, sharing, tiered, compressed oops, compressed class ptrs, g1 gc, windows-amd64)
# Problematic frame:
# v  ~BufferBlob::MethodHandles adapters 0x000002110f57173f
#
# No core dump will be written. Minidumps are not enabled by default on client versions of Windows
#
# If you would like to submit a bug report, please visit:
#   https://bugreport.java.com/bugreport/crash.jsp
#

---------------  S U M M A R Y ------------

Command Line: -XX:+ShowCodeDetailsInExceptionMessages -agentlib:jdwp=transport=dt_socket,suspend=y,address=localhost:52799 -javaagent:C:\Users\pmonreal\eclipse\java-2023-03\eclipse\configuration\org.eclipse.osgi\231\0\.cp\lib\javaagent-shaded.jar -Dfile.encoding=UTF-8 com.ccsw.tutorial.TutorialApplication

Host: 11th Gen Intel(R) Core(TM) i5-1135G7 @ 2.40GHz, 8 cores, 15G,  Windows 11 , 64 bit Build 22000 (10.0.22000.1880)
Time: Wed May 17 10:41:46 2023 Romance Daylight Time elapsed time: 598.677014 seconds (0d 0h 9m 58s)

---------------  T H R E A D  ---------------

Current thread (0x000002112c9e0730):  JavaThread "http-nio-8080-exec-1" daemon [_thread_in_Java, id=2784, stack(0x00000019e4000000,0x00000019e4100000)]

Stack: [0x00000019e4000000,0x00000019e4100000],  sp=0x00000019e40fcda8,  free space=1011k
Native frames: (J=compiled Java code, j=interpreted, Vv=VM code, C=native code)
C  0x000002110f57173f


siginfo: EXCEPTION_ACCESS_VIOLATION (0xc0000005), reading address 0x00000000000800a9


Registers:
RAX=0x000002110f53ecca, RBX=0x0000000000080071, RCX=0x00000019e40fcdb0, RDX=0x0000000000000002
RSP=0x00000019e40fcda8, RBP=0x00000019e40fcdf8, RSI=0x00000211287f2898, RDI=0x000002112f0efb40
R8 =0x0000000000000004, R9 =0x0000000000000004, R10=0x00000008007200fa, R11=0x0000000000000011
R12=0x0000000000000000, R13=0x00000019e40fcda8, R14=0x00000019e40fce18, R15=0x000002112c9e0730
RIP=0x000002110f57173f, EFLAGS=0x0000000000010202


Register to memory mapping:

RIP=0x000002110f57173f is at begin+92 in a stub
MethodHandle::interpreter_entry::_linkToVirtual [0x000002110f5716e3, 0x000002110f57174a] (103 bytes)
RAX=0x000002110f53ecca is at code_begin+4554 in an Interpreter codelet
return entry points  [0x000002110f53db00, 0x000002110f53fb38]  8248 bytes
RBX=0x0000000000080071 is an unknown value
RCX=0x00000019e40fcdb0 is pointing into the stack for thread: 0x000002112c9e0730
RDX=0x0000000000000002 is an unknown value
RSP=0x00000019e40fcda8 is pointing into the stack for thread: 0x000002112c9e0730
RBP=0x00000019e40fcdf8 is pointing into the stack for thread: 0x000002112c9e0730
RSI=0x00000211287f2898 points into unknown readable memory: 0x80000300f05d1345 | 45 13 5d f0 00 03 00 80
RDI=0x000002112f0efb40 points into unknown readable memory: 0x0000001800000060 | 60 00 00 00 18 00 00 00
R8 =0x0000000000000004 is an unknown value
R9 =0x0000000000000004 is an unknown value
R10=0x00000008007200fa is pointing into metadata
R11=0x0000000000000011 is an unknown value
R12=0x0 is NULL
R13=0x00000019e40fcda8 is pointing into the stack for thread: 0x000002112c9e0730
R14=0x00000019e40fce18 is pointing into the stack for thread: 0x000002112c9e0730
R15=0x000002112c9e0730 is a thread


Top of Stack: (sp=0x00000019e40fcda8)
0x00000019e40fcda8:   000002110f53ecca 00000019e40fcdb0
0x00000019e40fcdb8:   00000008007200fa 00000019e40fce18
0x00000019e40fcdc8:   00000008000b4350 0000021122795cd8
0x00000019e40fcdd8:   000000070503da10 00000008000b6e98
0x00000019e40fcde8:   00000019e40fcda8 00000019e40fce20
0x00000019e40fcdf8:   00000019e40fd140 00000211089c5211
0x00000019e40fce08:   0000000708e31388 0000000706aef3b0
0x00000019e40fce18:   0000000708e49d30 000000070bce3450
0x00000019e40fce28:   0000000705906058 00000019e40fd140
0x00000019e40fce38:   0000021108298f8c 0000000708e49d58
0x00000019e40fce48:   0000000706aef3b0 0000000708e313b8
0x00000019e40fce58:   0000000708e49d30 0000000706aef3b0
0x00000019e40fce68:   00000211089c5124 00000019e40fd140
0x00000019e40fce78:   000002110812611d 000002110f53d810
0x00000019e40fce88:   0000000000000000 0000020000000000
0x00000019e40fce98:   00000019e40fd1b8 00000019e40fd158
0x00000019e40fcea8:   00000019e40fd158 000002110f559ffd
0x00000019e40fceb8:   000002110f53d810 0000000000000000
0x00000019e40fcec8:   0000020000000000 00000019e40fd1b8
0x00000019e40fced8:   00000019e40fd158 00000008010a7360
0x00000019e40fcee8:   000002111f5c8520 000002112c9e0730
0x00000019e40fcef8:   000002111f5c8520 000002112c9e0730
0x00000019e40fcf08:   fffffffe00000000 0000000000000000
0x00000019e40fcf18:   0000000000000000 000002112c9e0730
0x00000019e40fcf28:   000002110f53d810 00000019e40fd1c8
0x00000019e40fcf38:   000002112c9e0730 0000000000000000
0x00000019e40fcf48:   00000000000000b8 00000019e40fd060
0x00000019e40fcf58:   00007ffc9369b65f 00000007ffebbe40
0x00000019e40fcf68:   0000000706aef3b0 0000000708e313e0
0x00000019e40fcf78:   0000000b00000000 0000000705906058
0x00000019e40fcf88:   0000000000000000 0000000708e49d90
0x00000019e40fcf98:   0000021122aa38fb 00000019e40fd240 

Instructions: (pc=0x000002110f57173f)
0x000002110f57163f:   00 70 16 57 0f 11 02 00 00 00 00 00 00 00 00 00
0x000002110f57164f:   00 18 26 c2 93 fc 7f 00 00 f0 10 00 00 60 00 00
0x000002110f57165f:   00 ff ff ff ff f0 10 00 00 00 00 00 00 00 00 00
0x000002110f57166f:   00 00 00 00 00 00 00 00 00 00 00 00 00 00 00 00
0x000002110f57167f:   00 f4 66 66 66 0f 1f 84 00 00 00 00 00 66 66 66
0x000002110f57168f:   90 66 66 66 0f 1f 84 00 00 00 00 00 66 66 66 90
0x000002110f57169f:   90 48 8b 53 08 0f b7 52 2c 48 8b 0c d4 8b 59 14
0x000002110f5716af:   48 c1 e3 03 8b 5b 28 48 c1 e3 03 8b 5b 24 48 c1
0x000002110f5716bf:   e3 03 48 8b 5b 10 48 85 db 0f 84 10 00 00 00 41
0x000002110f5716cf:   80 bf 08 05 00 00 00 74 03 ff 63 38 ff 63 50 e9
0x000002110f5716df:   1d b5 01 00 66 66 66 0f 1f 84 00 00 00 00 00 66
0x000002110f5716ef:   66 66 90 66 66 0f 1f 84 00 00 00 00 00 66 66 66
0x000002110f5716ff:   90 48 8b 53 08 0f b7 52 2c 48 8b 0c d4 58 5b 50
0x000002110f57170f:   44 8b 51 08 49 bb 00 00 00 00 08 00 00 00 4d 03
0x000002110f57171f:   d3 4c 8b 5b 10 4b 8b 9c da c0 01 00 00 48 85 db
0x000002110f57172f:   0f 84 10 00 00 00 41 80 bf 08 05 00 00 00 74 03
0x000002110f57173f:   ff 63 38 ff 63 50 e9 b6 b4 01 00 66 66 66 0f 1f
0x000002110f57174f:   84 00 00 00 00 00 66 66 66 90 0f 1f 80 00 00 00
0x000002110f57175f:   00 58 5b 50 8b 5b 24 48 c1 e3 03 48 8b 5b 10 48
0x000002110f57176f:   85 db 0f 84 10 00 00 00 41 80 bf 08 05 00 00 00
0x000002110f57177f:   74 03 ff 63 38 ff 63 50 e9 74 b4 01 00 66 66 66
0x000002110f57178f:   0f 1f 84 00 00 00 00 00 66 66 66 90 0f 1f 44 00
0x000002110f57179f:   00 48 8b 53 08 0f b7 52 2c 48 8b 0c d4 58 5b 50
0x000002110f5717af:   48 3b 01 8b 5b 24 48 c1 e3 03 48 8b 5b 10 48 85
0x000002110f5717bf:   db 0f 84 10 00 00 00 41 80 bf 08 05 00 00 00 74
0x000002110f5717cf:   03 ff 63 38 ff 63 50 e9 25 b4 01 00 0f 1f 44 00
0x000002110f5717df:   00 48 8b 53 08 0f b7 52 2c 48 8b 0c d4 58 5b 50
0x000002110f5717ef:   44 8b 51 08 49 bb 00 00 00 00 08 00 00 00 4d 03
0x000002110f5717ff:   d3 8b 43 18 48 c1 e0 03 48 8b 40 10 48 8b 5b 10
0x000002110f57180f:   45 8b 9a a0 00 00 00 4f 8d 9c da c0 01 00 00 4d
0x000002110f57181f:   8d 14 da 49 8b 1b 48 3b c3 74 15 48 85 db 0f 84
0x000002110f57182f:   32 00 00 00 49 83 c3 10 49 8b 1b 48 3b c3 75 eb 


Stack slot to memory mapping:
stack at sp + 0 slots: 0x000002110f53ecca is at code_begin+4554 in an Interpreter codelet
return entry points  [0x000002110f53db00, 0x000002110f53fb38]  8248 bytes
stack at sp + 1 slots: 0x00000019e40fcdb0 is pointing into the stack for thread: 0x000002112c9e0730
stack at sp + 2 slots: 0x00000008007200fa is pointing into metadata
stack at sp + 3 slots: 0x00000019e40fce18 is pointing into the stack for thread: 0x000002112c9e0730
stack at sp + 4 slots: 0x00000008000b4350 is pointing into metadata
stack at sp + 5 slots: 0x0000021122795cd8 is pointing into metadata
stack at sp + 6 slots: 0x000000070503da10 is an oop: java.lang.Class 
{0x000000070503da10} - klass: 'java/lang/Class'
 - ---- fields (total size 14 words):
 - private volatile transient 'classRedefinedCount' 'I' @12  0 (0x00000000)
 - abstract internal 'klass' 'J' @16  34360475432 (0x00000008000b3f28)
 - abstract internal 'array_klass' 'J' @24  0 (0x0000000000000000)
 - abstract internal 'oop_size' 'I' @32  14 (0x0000000e)
 - abstract internal 'static_oop_field_count' 'I' @36  0 (0x00000000)
 - private volatile transient 'cachedConstructor' 'Ljava/lang/reflect/Constructor;' @40  NULL (0x00000000)
 - private transient 'name' 'Ljava/lang/String;' @44  NULL (0x00000000)
 - private transient 'module' 'Ljava/lang/Module;' @48  a 'java/lang/Module'{0x000000070505e680} (0xe0a0bcd0)
 - private final 'classLoader' 'Ljava/lang/ClassLoader;' @52  NULL (0x00000000)
 - private transient 'classData' 'Ljava/lang/Object;' @56  NULL (0x00000000)
 - private transient 'packageName' 'Ljava/lang/String;' @60  NULL (0x00000000)
 - private final 'componentType' 'Ljava/lang/Class;' @64  NULL (0x00000000)
 - private volatile transient 'reflectionData' 'Ljava/lang/ref/SoftReference;' @68  NULL (0x00000000)
 - private volatile transient 'genericInfo' 'Lsun/reflect/generics/repository/ClassRepository;' @72  NULL (0x00000000)
 - private volatile transient 'enumConstants' '[Ljava/lang/Object;' @76  NULL (0x00000000)
 - private volatile transient 'enumConstantDirectory' 'Ljava/util/Map;' @80  NULL (0x00000000)
 - private volatile transient 'annotationData' 'Ljava/lang/Class$AnnotationData;' @84  NULL (0x00000000)
 - private volatile transient 'annotationType' 'Lsun/reflect/annotation/AnnotationType;' @88  NULL (0x00000000)
 - transient 'classValueMap' 'Ljava/lang/ClassValue$ClassValueMap;' @92  NULL (0x00000000)
 - abstract internal 'protection_domain' 'Ljava/lang/Object;' @96  NULL (0x00000000)
 - abstract internal 'signers_name' 'Ljava/lang/Object;' @100  NULL (0x00000000)
 - abstract internal 'source_file' 'Ljava/lang/Object;' @104  NULL (0x00000000)
 - signature: Ljava/lang/invoke/DirectMethodHandle$Holder;
 - ---- static fields (0):
stack at sp + 7 slots: {method} {0x00000008000b6ea0} 'invokeVirtual' '(Ljava/lang/Object;Ljava/lang/Object;)Ljava/lang/Object;' in 'java/lang/invoke/DirectMethodHandle$Holder'

MethodHandle::interpreter_entry::_linkToVirtual [0x000002110f5716e3, 0x000002110f57174a] (103 bytes)
[MachCode]
  0x000002110f5716e3: 6666 660f | 1f84 0000 | 0000 0066 | 6666 9066 | 660f 1f84 | 0000 0000 | 0066 6666 | 9048 8b53 
  0x000002110f571703: 080f b752 | 2c48 8b0c | d458 5b50 | 448b 5108 | 49bb 0000 | 0000 0800 | 0000 4d03 | d34c 8b5b 
  0x000002110f571723: 104b 8b9c | dac0 0100 | 0048 85db | 0f84 1000 | 0000 4180 | bf08 0500 | 0000 7403 | ff63 38ff 
  0x000002110f571743: 6350 e9b6 | 
[/MachCode]

---------------  P R O C E S S  ---------------

Threads class SMR info:
_java_thread_list=0x00000211249531f0, length=30, elements={
0x000002111e85ea20, 0x0000021123001770, 0x0000021123006d40, 0x0000021123007770,
0x00000211230082d0, 0x000002112300e340, 0x00000211230191f0, 0x000002112301dda0,
0x00000211230ce6a0, 0x00000211231ad690, 0x00000211231cbfa0, 0x00000211231f6920,
0x0000021123a1ddc0, 0x000002112585d200, 0x0000021128a0e400, 0x0000021125a98030,
0x0000021125eba930, 0x000002112c9e0730, 0x000002112c9e3c50, 0x000002112c9e5c30,
0x000002112c9df740, 0x000002112c9e6180, 0x000002112c9e41a0, 0x000002112c9e01e0,
0x000002112c9e1720, 0x000002112c9e4c40, 0x000002112c9e21c0, 0x000002112c9e31b0,
0x000002112c9e3700, 0x000002112c9e66d0
}

Java Threads: ( => current thread )
  0x000002111e85ea20 JavaThread "Reference Handler" daemon [_thread_blocked, id=7488, stack(0x00000019e2300000,0x00000019e2400000)]
  0x0000021123001770 JavaThread "Finalizer" daemon [_thread_blocked, id=10648, stack(0x00000019e2400000,0x00000019e2500000)]
  0x0000021123006d40 JavaThread "Signal Dispatcher" daemon [_thread_blocked, id=18840, stack(0x00000019e2500000,0x00000019e2600000)]
  0x0000021123007770 JavaThread "Attach Listener" daemon [_thread_blocked, id=18516, stack(0x00000019e2600000,0x00000019e2700000)]
  0x00000211230082d0 JavaThread "Service Thread" daemon [_thread_blocked, id=17620, stack(0x00000019e2700000,0x00000019e2800000)]
  0x000002112300e340 JavaThread "Monitor Deflation Thread" daemon [_thread_blocked, id=10408, stack(0x00000019e2800000,0x00000019e2900000)]
  0x00000211230191f0 JavaThread "C2 CompilerThread0" daemon [_thread_blocked, id=18744, stack(0x00000019e2900000,0x00000019e2a00000)]
  0x000002112301dda0 JavaThread "C1 CompilerThread0" daemon [_thread_blocked, id=12672, stack(0x00000019e2a00000,0x00000019e2b00000)]
  0x00000211230ce6a0 JavaThread "Common-Cleaner" daemon [_thread_blocked, id=9168, stack(0x00000019e2b00000,0x00000019e2c00000)]
  0x00000211231ad690 JavaThread "JDWP Transport Listener: dt_socket" daemon [_thread_blocked, id=12364, stack(0x00000019e2c00000,0x00000019e2d00000)]
  0x00000211231cbfa0 JavaThread "JDWP Event Helper Thread" daemon [_thread_blocked, id=16608, stack(0x00000019e2d00000,0x00000019e2e00000)]
  0x00000211231f6920 JavaThread "JDWP Command Reader" daemon [_thread_in_native, id=21168, stack(0x00000019e2e00000,0x00000019e2f00000)]
  0x0000021123a1ddc0 JavaThread "Notification Thread" daemon [_thread_blocked, id=16936, stack(0x00000019e3000000,0x00000019e3100000)]
  0x000002112585d200 JavaThread "Catalina-utility-1" [_thread_blocked, id=2864, stack(0x00000019e3b00000,0x00000019e3c00000)]
  0x0000021128a0e400 JavaThread "Catalina-utility-2" [_thread_blocked, id=21348, stack(0x00000019e3c00000,0x00000019e3d00000)]
  0x0000021125a98030 JavaThread "container-0" [_thread_blocked, id=4220, stack(0x00000019e3d00000,0x00000019e3e00000)]
  0x0000021125eba930 JavaThread "HikariPool-1 housekeeper" daemon [_thread_blocked, id=16136, stack(0x00000019e3e00000,0x00000019e3f00000)]
=>0x000002112c9e0730 JavaThread "http-nio-8080-exec-1" daemon [_thread_in_Java, id=2784, stack(0x00000019e4000000,0x00000019e4100000)]
  0x000002112c9e3c50 JavaThread "http-nio-8080-exec-2" daemon [_thread_in_Java, id=2016, stack(0x00000019e4100000,0x00000019e4200000)]
  0x000002112c9e5c30 JavaThread "http-nio-8080-exec-3" daemon [_thread_blocked, id=18812, stack(0x00000019e4200000,0x00000019e4300000)]
  0x000002112c9df740 JavaThread "http-nio-8080-exec-4" daemon [_thread_blocked, id=8016, stack(0x00000019e4300000,0x00000019e4400000)]
  0x000002112c9e6180 JavaThread "http-nio-8080-exec-5" daemon [_thread_blocked, id=10404, stack(0x00000019e4400000,0x00000019e4500000)]
  0x000002112c9e41a0 JavaThread "http-nio-8080-exec-6" daemon [_thread_blocked, id=20000, stack(0x00000019e4500000,0x00000019e4600000)]
  0x000002112c9e01e0 JavaThread "http-nio-8080-exec-7" daemon [_thread_blocked, id=14216, stack(0x00000019e4600000,0x00000019e4700000)]
  0x000002112c9e1720 JavaThread "http-nio-8080-exec-8" daemon [_thread_blocked, id=17260, stack(0x00000019e4700000,0x00000019e4800000)]
  0x000002112c9e4c40 JavaThread "http-nio-8080-exec-9" daemon [_thread_blocked, id=20416, stack(0x00000019e4800000,0x00000019e4900000)]
  0x000002112c9e21c0 JavaThread "http-nio-8080-exec-10" daemon [_thread_blocked, id=3304, stack(0x00000019e4900000,0x00000019e4a00000)]
  0x000002112c9e31b0 JavaThread "http-nio-8080-Poller" daemon [_thread_in_native, id=8220, stack(0x00000019e4a00000,0x00000019e4b00000)]
  0x000002112c9e3700 JavaThread "http-nio-8080-Acceptor" daemon [_thread_in_native, id=4424, stack(0x00000019e4b00000,0x00000019e4c00000)]
  0x000002112c9e66d0 JavaThread "DestroyJavaVM" [_thread_blocked, id=18764, stack(0x00000019e1c00000,0x00000019e1d00000)]

Other Threads:
  0x000002111e8400c0 VMThread "VM Thread" [stack: 0x00000019e2200000,0x00000019e2300000] [id=13568]
  0x0000021123a1eb20 WatcherThread "VM Periodic Task Thread" [stack: 0x00000019e3100000,0x00000019e3200000] [id=16744]
  0x000002117f828110 WorkerThread "GC Thread#0" [stack: 0x00000019e1d00000,0x00000019e1e00000] [id=18904]
  0x0000021123c22100 WorkerThread "GC Thread#1" [stack: 0x00000019e3200000,0x00000019e3300000] [id=2736]
  0x0000021123c223d0 WorkerThread "GC Thread#2" [stack: 0x00000019e3300000,0x00000019e3400000] [id=16640]
  0x0000021123c22ec0 WorkerThread "GC Thread#3" [stack: 0x00000019e3400000,0x00000019e3500000] [id=15020]
  0x0000021123c239b0 WorkerThread "GC Thread#4" [stack: 0x00000019e3500000,0x00000019e3600000] [id=14000]
  0x0000021123c23c80 WorkerThread "GC Thread#5" [stack: 0x00000019e3600000,0x00000019e3700000] [id=20044]
  0x0000021123ce9540 WorkerThread "GC Thread#6" [stack: 0x00000019e3700000,0x00000019e3800000] [id=8332]
  0x0000021123ceae90 WorkerThread "GC Thread#7" [stack: 0x00000019e3800000,0x00000019e3900000] [id=9356]
  0x000002117f838b30 ConcurrentGCThread "G1 Main Marker" [stack: 0x00000019e1e00000,0x00000019e1f00000] [id=21188]
  0x000002117f83a3d0 WorkerThread "G1 Conc#0" [stack: 0x00000019e1f00000,0x00000019e2000000] [id=13220]
  0x0000021123ce9db0 WorkerThread "G1 Conc#1" [stack: 0x00000019e3a00000,0x00000019e3b00000] [id=20576]
  0x000002117f85e830 ConcurrentGCThread "G1 Refine#0" [stack: 0x00000019e2000000,0x00000019e2100000] [id=11172]
  0x000002111e6f9270 ConcurrentGCThread "G1 Service" [stack: 0x00000019e2100000,0x00000019e2200000] [id=16972]

Threads with active compile tasks:

VM state: not at safepoint (normal execution)

VM Mutex/Monitor currently owned by a thread: None

Heap address: 0x0000000704e00000, size: 4018 MB, Compressed Oops mode: Zero based, Oop shift amount: 3

CDS archive(s) mapped at: [0x0000000800000000-0x0000000800c60000-0x0000000800c60000), size 12976128, SharedBaseAddress: 0x0000000800000000, ArchiveRelocationMode: 0.
Compressed class space mapped at: 0x0000000801000000-0x0000000841000000, reserved size: 1073741824
Narrow klass base: 0x0000000800000000, Narrow klass shift: 0, Narrow klass range: 0x100000000

GC Precious Log:
 CardTable entry size: 512
 Card Set container configuration: InlinePtr #cards 4 size 8 Array Of Cards #cards 16 size 48 Howl #buckets 8 coarsen threshold 3686 Howl Bitmap #cards 512 size 80 coarsen threshold 460 Card regions per heap region 1 cards per card region 4096
 CPUs: 8 total, 8 available
 Memory: 16064M
 Large Page Support: Disabled
 NUMA Support: Disabled
 Compressed Oops: Enabled (Zero based)
 Heap Region Size: 2M
 Heap Min Capacity: 8M
 Heap Initial Capacity: 252M
 Heap Max Capacity: 4018M
 Pre-touch: Disabled
 Parallel Workers: 8
 Concurrent Workers: 2
 Concurrent Refinement Workers: 8
 Periodic GC: Disabled

Heap:
 garbage-first heap   total 96256K, used 53988K [0x0000000704e00000, 0x0000000800000000)
  region size 2048K, 2 young (4096K), 1 survivors (2048K)
 Metaspace       used 70565K, committed 71296K, reserved 1114112K
  class space    used 9075K, committed 9408K, reserved 1048576K

Heap Regions: E=young(eden), S=young(survivor), O=old, HS=humongous(starts), HC=humongous(continues), CS=collection set, F=free, OA=open archive, CA=closed archive, TAMS=top-at-mark-start, PB=parsable bottom
|   0|0x0000000704e00000, 0x0000000705000000, 0x0000000705000000|100%| O|  |TAMS 0x0000000704e00000| PB 0x0000000704e00000| Untracked 
|   1|0x0000000705000000, 0x0000000705200000, 0x0000000705200000|100%| O|  |TAMS 0x0000000705000000| PB 0x0000000705000000| Untracked 
|   2|0x0000000705200000, 0x0000000705400000, 0x0000000705400000|100%| O|  |TAMS 0x0000000705200000| PB 0x0000000705200000| Untracked 
|   3|0x0000000705400000, 0x0000000705600000, 0x0000000705600000|100%| O|  |TAMS 0x0000000705400000| PB 0x0000000705400000| Untracked 
|   4|0x0000000705600000, 0x0000000705800000, 0x0000000705800000|100%| O|  |TAMS 0x0000000705600000| PB 0x0000000705600000| Untracked 
|   5|0x0000000705800000, 0x0000000705a00000, 0x0000000705a00000|100%| O|  |TAMS 0x0000000705800000| PB 0x0000000705800000| Untracked 
|   6|0x0000000705a00000, 0x0000000705c00000, 0x0000000705c00000|100%| O|  |TAMS 0x0000000705a00000| PB 0x0000000705a00000| Untracked 
|   7|0x0000000705c00000, 0x0000000705e00000, 0x0000000705e00000|100%| O|  |TAMS 0x0000000705c00000| PB 0x0000000705c00000| Untracked 
|   8|0x0000000705e00000, 0x0000000706000000, 0x0000000706000000|100%| O|  |TAMS 0x0000000705e00000| PB 0x0000000705e00000| Untracked 
|   9|0x0000000706000000, 0x0000000706200000, 0x0000000706200000|100%| O|  |TAMS 0x0000000706000000| PB 0x0000000706000000| Untracked 
|  10|0x0000000706200000, 0x0000000706400000, 0x0000000706400000|100%| O|  |TAMS 0x0000000706200000| PB 0x0000000706200000| Untracked 
|  11|0x0000000706400000, 0x0000000706600000, 0x0000000706600000|100%| O|  |TAMS 0x0000000706400000| PB 0x0000000706400000| Untracked 
|  12|0x0000000706600000, 0x0000000706800000, 0x0000000706800000|100%| O|  |TAMS 0x0000000706600000| PB 0x0000000706600000| Complete 
|  13|0x0000000706800000, 0x0000000706a00000, 0x0000000706a00000|100%| O|  |TAMS 0x0000000706800000| PB 0x0000000706800000| Untracked 
|  14|0x0000000706a00000, 0x0000000706c00000, 0x0000000706c00000|100%| O|  |TAMS 0x0000000706a00000| PB 0x0000000706a00000| Untracked 
|  15|0x0000000706c00000, 0x0000000706e00000, 0x0000000706e00000|100%| O|  |TAMS 0x0000000706c00000| PB 0x0000000706c00000| Complete 
|  16|0x0000000706e00000, 0x0000000707000000, 0x0000000707000000|100%| O|  |TAMS 0x0000000706e00000| PB 0x0000000706e00000| Complete 
|  17|0x0000000707000000, 0x0000000707200000, 0x0000000707200000|100%| O|  |TAMS 0x0000000707000000| PB 0x0000000707000000| Complete 
|  18|0x0000000707200000, 0x0000000707400000, 0x0000000707400000|100%| O|  |TAMS 0x0000000707200000| PB 0x0000000707200000| Complete 
|  19|0x0000000707400000, 0x0000000707600000, 0x0000000707600000|100%| O|  |TAMS 0x0000000707400000| PB 0x0000000707400000| Complete 
|  20|0x0000000707600000, 0x0000000707800000, 0x0000000707800000|100%| O|  |TAMS 0x0000000707600000| PB 0x0000000707600000| Untracked 
|  21|0x0000000707800000, 0x0000000707984e00, 0x0000000707a00000| 75%| O|  |TAMS 0x0000000707800000| PB 0x0000000707800000| Untracked 
|  22|0x0000000707a00000, 0x0000000707a00000, 0x0000000707c00000|  0%| F|  |TAMS 0x0000000707a00000| PB 0x0000000707a00000| Untracked 
|  23|0x0000000707c00000, 0x0000000707c00000, 0x0000000707e00000|  0%| F|  |TAMS 0x0000000707c00000| PB 0x0000000707c00000| Untracked 
|  24|0x0000000707e00000, 0x0000000708000000, 0x0000000708000000|100%| O|  |TAMS 0x0000000707e00000| PB 0x0000000707e00000| Complete 
|  25|0x0000000708000000, 0x0000000708200000, 0x0000000708200000|100%| O|  |TAMS 0x0000000708000000| PB 0x0000000708000000| Complete 
|  26|0x0000000708200000, 0x0000000708400000, 0x0000000708400000|100%| O|  |TAMS 0x0000000708200000| PB 0x0000000708200000| Complete 
|  27|0x0000000708400000, 0x0000000708400000, 0x0000000708600000|  0%| F|  |TAMS 0x0000000708400000| PB 0x0000000708400000| Untracked 
|  28|0x0000000708600000, 0x0000000708600000, 0x0000000708800000|  0%| F|  |TAMS 0x0000000708600000| PB 0x0000000708600000| Untracked 
|  29|0x0000000708800000, 0x0000000708800000, 0x0000000708a00000|  0%| F|  |TAMS 0x0000000708800000| PB 0x0000000708800000| Untracked 
|  30|0x0000000708a00000, 0x0000000708a00000, 0x0000000708c00000|  0%| F|  |TAMS 0x0000000708a00000| PB 0x0000000708a00000| Untracked 
|  31|0x0000000708c00000, 0x0000000708c00000, 0x0000000708e00000|  0%| F|  |TAMS 0x0000000708c00000| PB 0x0000000708c00000| Untracked 
|  32|0x0000000708e00000, 0x0000000708f34568, 0x0000000709000000| 60%| S|CS|TAMS 0x0000000708e00000| PB 0x0000000708e00000| Complete 
|  33|0x0000000709000000, 0x0000000709000000, 0x0000000709200000|  0%| F|  |TAMS 0x0000000709000000| PB 0x0000000709000000| Untracked 
|  34|0x0000000709200000, 0x0000000709200000, 0x0000000709400000|  0%| F|  |TAMS 0x0000000709200000| PB 0x0000000709200000| Untracked 
|  35|0x0000000709400000, 0x0000000709400000, 0x0000000709600000|  0%| F|  |TAMS 0x0000000709400000| PB 0x0000000709400000| Untracked 
|  36|0x0000000709600000, 0x0000000709600000, 0x0000000709800000|  0%| F|  |TAMS 0x0000000709600000| PB 0x0000000709600000| Untracked 
|  37|0x0000000709800000, 0x0000000709800000, 0x0000000709a00000|  0%| F|  |TAMS 0x0000000709800000| PB 0x0000000709800000| Untracked 
|  38|0x0000000709a00000, 0x0000000709a00000, 0x0000000709c00000|  0%| F|  |TAMS 0x0000000709a00000| PB 0x0000000709a00000| Untracked 
|  39|0x0000000709c00000, 0x0000000709c00000, 0x0000000709e00000|  0%| F|  |TAMS 0x0000000709c00000| PB 0x0000000709c00000| Untracked 
|  40|0x0000000709e00000, 0x0000000709e00000, 0x000000070a000000|  0%| F|  |TAMS 0x0000000709e00000| PB 0x0000000709e00000| Untracked 
|  41|0x000000070a000000, 0x000000070a000000, 0x000000070a200000|  0%| F|  |TAMS 0x000000070a000000| PB 0x000000070a000000| Untracked 
|  53|0x000000070b800000, 0x000000070b800000, 0x000000070ba00000|  0%| F|  |TAMS 0x000000070b800000| PB 0x000000070b800000| Untracked 
|  54|0x000000070ba00000, 0x000000070ba00000, 0x000000070bc00000|  0%| F|  |TAMS 0x000000070ba00000| PB 0x000000070ba00000| Untracked 
|  55|0x000000070bc00000, 0x000000070bc00000, 0x000000070be00000|  0%| F|  |TAMS 0x000000070bc00000| PB 0x000000070bc00000| Untracked 
| 125|0x0000000714800000, 0x0000000714944f28, 0x0000000714a00000| 63%| E|  |TAMS 0x0000000714800000| PB 0x0000000714800000| Complete 
|2008|0x00000007ffe00000, 0x0000000800000000, 0x0000000800000000|100%| O|  |TAMS 0x00000007ffe00000| PB 0x00000007ffe00000| Untracked 

Card table byte_map: [0x00000211177d0000,0x0000021117fb0000] _byte_map_base: 0x0000021113fa9000

Marking Bits: (CMBitMap*) 0x000002117f828740
 Bits: [0x0000021118790000, 0x000002111c658000)

Polling page: 0x000002117d660000

Metaspace:

Usage:
  Non-class:     60.05 MB used.
      Class:      8.86 MB used.
       Both:     68.91 MB used.

Virtual space:
  Non-class space:       64.00 MB reserved,      60.44 MB ( 94%) committed,  1 nodes.
      Class space:        1.00 GB reserved,       9.19 MB ( <1%) committed,  1 nodes.
             Both:        1.06 GB reserved,      69.62 MB (  6%) committed. 

Chunk freelists:
   Non-Class:  3.34 MB
       Class:  2.76 MB
        Both:  6.10 MB

MaxMetaspaceSize: unlimited
CompressedClassSpaceSize: 1.00 GB
Initial GC threshold: 21.00 MB
Current GC threshold: 116.06 MB
CDS: on
MetaspaceReclaimPolicy: balanced
 - commit_granule_bytes: 65536.
 - commit_granule_words: 8192.
 - virtual_space_node_default_size: 8388608.
 - enlarge_chunks_in_place: 1.
 - new_chunks_are_fully_committed: 0.
 - uncommit_free_chunks: 1.
 - use_allocation_guard: 0.


Internal statistics:

num_allocs_failed_limit: 9.
num_arena_births: 1088.
num_arena_deaths: 0.
num_vsnodes_births: 2.
num_vsnodes_deaths: 0.
num_space_committed: 1114.
num_space_uncommitted: 0.
num_chunks_returned_to_freelist: 9.
num_chunks_taken_from_freelist: 3543.
num_chunk_merges: 9.
num_chunk_splits: 2574.
num_chunks_enlarged: 2032.
num_inconsistent_stats: 0.

CodeHeap 'non-profiled nmethods': size=120000Kb used=4283Kb max_used=4800Kb free=115716Kb
 bounds [0x000002110fac0000, 0x000002110ff80000, 0x0000021116ff0000]
CodeHeap 'profiled nmethods': size=120000Kb used=11969Kb max_used=12664Kb free=108031Kb
 bounds [0x0000021107ff0000, 0x0000021108c60000, 0x000002110f520000]
CodeHeap 'non-nmethods': size=5760Kb used=1955Kb max_used=2030Kb free=3804Kb
 bounds [0x000002110f520000, 0x000002110f790000, 0x000002110fac0000]
 total_blobs=6577 nmethods=5872 adapters=614
 compilation: enabled
              stopped_count=0, restarted_count=0
 full_count=0

Compilation events (20 events):
Event: 433.174 Thread 0x000002112301dda0 7089       1       org.apache.catalina.core.ContainerBase::getBackgroundProcessorDelay (5 bytes)
Event: 433.174 Thread 0x000002112301dda0 nmethod 7089 0x000002110fb29090 code [0x000002110fb29200, 0x000002110fb292c8]
Event: 433.174 Thread 0x000002112301dda0 7090       3       org.apache.catalina.valves.ValveBase::backgroundProcess (1 bytes)
Event: 433.174 Thread 0x000002112301dda0 nmethod 7090 0x0000021108017f90 code [0x0000021108018120, 0x0000021108018230]
Event: 445.261 Thread 0x00000211230191f0 7091       4       java.util.concurrent.locks.AbstractQueuedSynchronizer$Node::setPrevRelaxed (12 bytes)
Event: 445.262 Thread 0x00000211230191f0 nmethod 7091 0x000002110fd57210 code [0x000002110fd57380, 0x000002110fd574d0]
Event: 447.270 Thread 0x00000211230191f0 7092       4       java.util.concurrent.locks.AbstractQueuedSynchronizer::casTail (13 bytes)
Event: 447.272 Thread 0x00000211230191f0 nmethod 7092 0x000002110fd56d90 code [0x000002110fd56f00, 0x000002110fd57068]
Event: 473.206 Thread 0x000002112301dda0 7093       3       org.apache.catalina.webresources.Cache$$Lambda$1377/0x0000000801934438::applyAsLong (8 bytes)
Event: 473.207 Thread 0x000002112301dda0 nmethod 7093 0x0000021108039c10 code [0x0000021108039da0, 0x0000021108039fe0]
Event: 473.207 Thread 0x000002112301dda0 7094       1       java.util.EventObject::getSource (5 bytes)
Event: 473.207 Thread 0x000002112301dda0 nmethod 7094 0x000002110fb68f90 code [0x000002110fb69100, 0x000002110fb691d0]
Event: 515.146 Thread 0x000002112301dda0 7095       3       sun.nio.ch.WEPollSelectorImpl::processEvents (152 bytes)
Event: 515.148 Thread 0x000002112301dda0 nmethod 7095 0x00000211088aa990 code [0x00000211088aac00, 0x00000211088ab8c8]
Event: 543.259 Thread 0x000002112301dda0 7097       3       java.util.HashMap$Values::toArray (16 bytes)
Event: 543.259 Thread 0x000002112301dda0 nmethod 7097 0x00000211083f6290 code [0x00000211083f6440, 0x00000211083f6668]
Event: 553.263 Thread 0x000002112301dda0 7098       3       java.util.TreeSet::add (22 bytes)
Event: 553.264 Thread 0x000002112301dda0 nmethod 7098 0x000002110801f610 code [0x000002110801f7a0, 0x000002110801f9f0]
Event: 563.276 Thread 0x000002112301dda0 7099   !   3       org.apache.catalina.core.ContainerBase::findChildren (34 bytes)
Event: 563.277 Thread 0x000002112301dda0 nmethod 7099 0x00000211086d9510 code [0x00000211086d96e0, 0x00000211086d9c40]

GC Heap History (20 events):
Event: 4.088 GC heap before
{Heap before GC invocations=13 (full 0):
 garbage-first heap   total 75776K, used 62290K [0x0000000704e00000, 0x0000000800000000)
  region size 2048K, 22 young (45056K), 2 survivors (4096K)
 Metaspace       used 52187K, committed 52736K, reserved 1114112K
  class space    used 6782K, committed 7040K, reserved 1048576K
}
Event: 4.091 GC heap after
{Heap after GC invocations=14 (full 0):
 garbage-first heap   total 75776K, used 21860K [0x0000000704e00000, 0x0000000800000000)
  region size 2048K, 2 young (4096K), 2 survivors (4096K)
 Metaspace       used 52187K, committed 52736K, reserved 1114112K
  class space    used 6782K, committed 7040K, reserved 1048576K
}
Event: 4.462 GC heap before
{Heap before GC invocations=14 (full 0):
 garbage-first heap   total 75776K, used 62820K [0x0000000704e00000, 0x0000000800000000)
  region size 2048K, 22 young (45056K), 2 survivors (4096K)
 Metaspace       used 56128K, committed 56640K, reserved 1114112K
  class space    used 7303K, committed 7552K, reserved 1048576K
}
Event: 4.465 GC heap after
{Heap after GC invocations=15 (full 0):
 garbage-first heap   total 92160K, used 23223K [0x0000000704e00000, 0x0000000800000000)
  region size 2048K, 3 young (6144K), 3 survivors (6144K)
 Metaspace       used 56128K, committed 56640K, reserved 1114112K
  class space    used 7303K, committed 7552K, reserved 1048576K
}
Event: 4.692 GC heap before
{Heap before GC invocations=15 (full 0):
 garbage-first heap   total 92160K, used 45751K [0x0000000704e00000, 0x0000000800000000)
  region size 2048K, 15 young (30720K), 3 survivors (6144K)
 Metaspace       used 59685K, committed 60160K, reserved 1114112K
  class space    used 7723K, committed 7936K, reserved 1048576K
}
Event: 4.696 GC heap after
{Heap after GC invocations=16 (full 0):
 garbage-first heap   total 92160K, used 24544K [0x0000000704e00000, 0x0000000800000000)
  region size 2048K, 3 young (6144K), 3 survivors (6144K)
 Metaspace       used 59685K, committed 60160K, reserved 1114112K
  class space    used 7723K, committed 7936K, reserved 1048576K
}
Event: 5.171 GC heap before
{Heap before GC invocations=17 (full 0):
 garbage-first heap   total 92160K, used 73696K [0x0000000704e00000, 0x0000000800000000)
  region size 2048K, 27 young (55296K), 3 survivors (6144K)
 Metaspace       used 63086K, committed 63680K, reserved 1114112K
  class space    used 8193K, committed 8448K, reserved 1048576K
}
Event: 5.175 GC heap after
{Heap after GC invocations=18 (full 0):
 garbage-first heap   total 92160K, used 27366K [0x0000000704e00000, 0x0000000800000000)
  region size 2048K, 4 young (8192K), 4 survivors (8192K)
 Metaspace       used 63086K, committed 63680K, reserved 1114112K
  class space    used 8193K, committed 8448K, reserved 1048576K
}
Event: 5.501 GC heap before
{Heap before GC invocations=18 (full 0):
 garbage-first heap   total 92160K, used 72422K [0x0000000704e00000, 0x0000000800000000)
  region size 2048K, 27 young (55296K), 4 survivors (8192K)
 Metaspace       used 64946K, committed 65600K, reserved 1114112K
  class space    used 8390K, committed 8704K, reserved 1048576K
}
Event: 5.509 GC heap after
{Heap after GC invocations=19 (full 0):
 garbage-first heap   total 92160K, used 34081K [0x0000000704e00000, 0x0000000800000000)
  region size 2048K, 4 young (8192K), 4 survivors (8192K)
 Metaspace       used 64946K, committed 65600K, reserved 1114112K
  class space    used 8390K, committed 8704K, reserved 1048576K
}
Event: 5.678 GC heap before
{Heap before GC invocations=19 (full 0):
 garbage-first heap   total 92160K, used 75041K [0x0000000704e00000, 0x0000000800000000)
  region size 2048K, 25 young (51200K), 4 survivors (8192K)
 Metaspace       used 65190K, committed 65856K, reserved 1114112K
  class space    used 8405K, committed 8704K, reserved 1048576K
}
Event: 5.684 GC heap after
{Heap after GC invocations=20 (full 0):
 garbage-first heap   total 92160K, used 40322K [0x0000000704e00000, 0x0000000800000000)
  region size 2048K, 4 young (8192K), 4 survivors (8192K)
 Metaspace       used 65190K, committed 65856K, reserved 1114112K
  class space    used 8405K, committed 8704K, reserved 1048576K
}
Event: 5.792 GC heap before
{Heap before GC invocations=20 (full 0):
 garbage-first heap   total 92160K, used 75138K [0x0000000704e00000, 0x0000000800000000)
  region size 2048K, 22 young (45056K), 4 survivors (8192K)
 Metaspace       used 65279K, committed 65984K, reserved 1114112K
  class space    used 8410K, committed 8704K, reserved 1048576K
}
Event: 5.795 GC heap after
{Heap after GC invocations=21 (full 0):
 garbage-first heap   total 92160K, used 40001K [0x0000000704e00000, 0x0000000800000000)
  region size 2048K, 3 young (6144K), 3 survivors (6144K)
 Metaspace       used 65279K, committed 65984K, reserved 1114112K
  class space    used 8410K, committed 8704K, reserved 1048576K
}
Event: 5.948 GC heap before
{Heap before GC invocations=22 (full 0):
 garbage-first heap   total 92160K, used 74817K [0x0000000704e00000, 0x0000000800000000)
  region size 2048K, 21 young (43008K), 3 survivors (6144K)
 Metaspace       used 65352K, committed 65984K, reserved 1114112K
  class space    used 8410K, committed 8704K, reserved 1048576K
}
Event: 5.955 GC heap after
{Heap after GC invocations=23 (full 0):
 garbage-first heap   total 94208K, used 49264K [0x0000000704e00000, 0x0000000800000000)
  region size 2048K, 3 young (6144K), 3 survivors (6144K)
 Metaspace       used 65352K, committed 65984K, reserved 1114112K
  class space    used 8410K, committed 8704K, reserved 1048576K
}
Event: 10.718 GC heap before
{Heap before GC invocations=23 (full 0):
 garbage-first heap   total 94208K, used 77936K [0x0000000704e00000, 0x0000000800000000)
  region size 2048K, 17 young (34816K), 3 survivors (6144K)
 Metaspace       used 67851K, committed 68608K, reserved 1114112K
  class space    used 8712K, committed 9088K, reserved 1048576K
}
Event: 10.727 GC heap after
{Heap after GC invocations=24 (full 0):
 garbage-first heap   total 94208K, used 53150K [0x0000000704e00000, 0x0000000800000000)
  region size 2048K, 3 young (6144K), 3 survivors (6144K)
 Metaspace       used 67851K, committed 68608K, reserved 1114112K
  class space    used 8712K, committed 9088K, reserved 1048576K
}
Event: 312.126 GC heap before
{Heap before GC invocations=24 (full 0):
 garbage-first heap   total 94208K, used 75678K [0x0000000704e00000, 0x0000000800000000)
  region size 2048K, 15 young (30720K), 3 survivors (6144K)
 Metaspace       used 70471K, committed 71232K, reserved 1114112K
  class space    used 9068K, committed 9408K, reserved 1048576K
}
Event: 312.130 GC heap after
{Heap after GC invocations=25 (full 0):
 garbage-first heap   total 94208K, used 53988K [0x0000000704e00000, 0x0000000800000000)
  region size 2048K, 1 young (2048K), 1 survivors (2048K)
 Metaspace       used 70471K, committed 71232K, reserved 1114112K
  class space    used 9068K, committed 9408K, reserved 1048576K
}

Dll operation events (13 events):
Event: 0.021 Loaded shared library C:\Program Files\Java\jdk-20\bin\java.dll
Event: 0.035 Loaded shared library C:\Program Files\Java\jdk-20\bin\jsvml.dll
Event: 0.171 Loaded shared library C:\Program Files\Java\jdk-20\bin\zip.dll
Event: 0.173 Loaded shared library C:\Program Files\Java\jdk-20\bin\instrument.dll
Event: 0.178 Loaded shared library C:\Program Files\Java\jdk-20\bin\net.dll
Event: 0.179 Loaded shared library C:\Program Files\Java\jdk-20\bin\nio.dll
Event: 0.182 Loaded shared library C:\Program Files\Java\jdk-20\bin\zip.dll
Event: 0.271 Loaded shared library C:\Program Files\Java\jdk-20\bin\jimage.dll
Event: 0.303 Loaded shared library C:\Program Files\Java\jdk-20\bin\verify.dll
Event: 2.726 Loaded shared library C:\Program Files\Java\jdk-20\bin\sunmscapi.dll
Event: 2.738 Loaded shared library C:\Program Files\Java\jdk-20\bin\management.dll
Event: 2.742 Loaded shared library C:\Program Files\Java\jdk-20\bin\management_ext.dll
Event: 6.226 Loaded shared library C:\Program Files\Java\jdk-20\bin\extnet.dll

Deoptimization events (20 events):
Event: 312.162 Thread 0x00000211230ce6a0 Uncommon trap: trap_request=0xffffffde fr.pc=0x000002110fafadc8 relative=0x00000000000004a8
Event: 312.162 Thread 0x00000211230ce6a0 Uncommon trap: reason=class_check action=maybe_recompile pc=0x000002110fafadc8 method=jdk.internal.ref.PhantomCleanable.clean()V @ 12 c2
Event: 312.162 Thread 0x00000211230ce6a0 DEOPT PACKING pc=0x000002110fafadc8 sp=0x00000019e2bff630
Event: 312.162 Thread 0x00000211230ce6a0 DEOPT UNPACKING pc=0x000002110f53d2a2 sp=0x00000019e2bff610 mode 2
Event: 312.162 Thread 0x00000211230ce6a0 Uncommon trap: trap_request=0xffffffde fr.pc=0x000002110fafadc8 relative=0x00000000000004a8
Event: 312.162 Thread 0x00000211230ce6a0 Uncommon trap: reason=class_check action=maybe_recompile pc=0x000002110fafadc8 method=jdk.internal.ref.PhantomCleanable.clean()V @ 12 c2
Event: 312.162 Thread 0x00000211230ce6a0 DEOPT PACKING pc=0x000002110fafadc8 sp=0x00000019e2bff630
Event: 312.162 Thread 0x00000211230ce6a0 DEOPT UNPACKING pc=0x000002110f53d2a2 sp=0x00000019e2bff610 mode 2
Event: 372.729 Thread 0x000002112c9e6180 Uncommon trap: trap_request=0xffffff45 fr.pc=0x000002110fd5aab8 relative=0x0000000000000298
Event: 372.729 Thread 0x000002112c9e6180 Uncommon trap: reason=unstable_if action=reinterpret pc=0x000002110fd5aab8 method=java.lang.invoke.MethodType.equals(Ljava/lang/Object;)Z @ 11 c2
Event: 372.729 Thread 0x000002112c9e6180 DEOPT PACKING pc=0x000002110fd5aab8 sp=0x00000019e44fddd0
Event: 372.729 Thread 0x000002112c9e6180 DEOPT UNPACKING pc=0x000002110f53d2a2 sp=0x00000019e44fddb8 mode 2
Event: 372.729 Thread 0x000002112c9e6180 Uncommon trap: trap_request=0xffffff54 fr.pc=0x000002110fcc2108 relative=0x0000000000004348
Event: 372.729 Thread 0x000002112c9e6180 Uncommon trap: reason=speculate_null_assert action=make_not_entrant pc=0x000002110fcc2108 method=java.lang.invoke.MethodType$ConcurrentWeakInternSet.add(Ljava/lang/Object;)Ljava/lang/Object; @ 47 c2
Event: 372.729 Thread 0x000002112c9e6180 DEOPT PACKING pc=0x000002110fcc2108 sp=0x00000019e44fdfb0
Event: 372.729 Thread 0x000002112c9e6180 DEOPT UNPACKING pc=0x000002110f53d2a2 sp=0x00000019e44fe008 mode 2
Event: 598.622 Thread 0x000002112c9e0730 DEOPT PACKING pc=0x0000021108b1b0d4 sp=0x00000019e40fcdc0
Event: 598.622 Thread 0x000002112c9e0730 DEOPT UNPACKING pc=0x000002110f58e462 sp=0x00000019e40fc268 mode 0
Event: 598.624 Thread 0x000002112c9e3c50 DEOPT PACKING pc=0x0000021108b1b0d4 sp=0x00000019e41fce80
Event: 598.624 Thread 0x000002112c9e3c50 DEOPT UNPACKING pc=0x000002110f58e462 sp=0x00000019e41fc328 mode 0

Classes loaded (20 events):
Event: 10.657 Loading class java/lang/invoke/ConstantBootstraps
Event: 10.657 Loading class java/lang/invoke/ConstantBootstraps done
Event: 10.684 Loading class sun/nio/cs/ThreadLocalCoders
Event: 10.684 Loading class sun/nio/cs/ThreadLocalCoders done
Event: 10.684 Loading class sun/nio/cs/ThreadLocalCoders$1
Event: 10.684 Loading class sun/nio/cs/ThreadLocalCoders$Cache
Event: 10.684 Loading class sun/nio/cs/ThreadLocalCoders$Cache done
Event: 10.684 Loading class sun/nio/cs/ThreadLocalCoders$1 done
Event: 10.684 Loading class sun/nio/cs/ThreadLocalCoders$2
Event: 10.684 Loading class sun/nio/cs/ThreadLocalCoders$2 done
Event: 12.841 Loading class java/util/Collections$ReverseComparator
Event: 12.841 Loading class java/util/Collections$ReverseComparator done
Event: 12.841 Loading class java/util/Collections$ReverseComparator2
Event: 12.841 Loading class java/util/Collections$ReverseComparator2 done
Event: 312.094 Loading class java/util/ArrayList$SubList$2
Event: 312.094 Loading class java/util/ArrayList$SubList$2 done
Event: 312.137 Loading class java/io/PrintWriter$1
Event: 312.137 Loading class jdk/internal/access/JavaIOPrintWriterAccess
Event: 312.137 Loading class jdk/internal/access/JavaIOPrintWriterAccess done
Event: 312.137 Loading class java/io/PrintWriter$1 done

Classes unloaded (0 events):
No events

Classes redefined (2 events):
Event: 153.947 Thread 0x000002111e8400c0 redefined class name=com.ccsw.tutorial.client.ClientController, count=1
Event: 598.639 Thread 0x000002111e8400c0 redefined class name=com.ccsw.tutorial.client.ClientServiceImpl, count=1

Internal exceptions (20 events):
Event: 5.887 Thread 0x000002112c9e11d0 Exception <a 'sun/nio/fs/WindowsException'{0x000000070b89e450}> (0x000000070b89e450) 
thrown [s\open\src\hotspot\share\prims\jni.cpp, line 519]
Event: 5.887 Thread 0x000002112c9e11d0 Exception <a 'sun/nio/fs/WindowsException'{0x000000070b89ed50}> (0x000000070b89ed50) 
thrown [s\open\src\hotspot\share\prims\jni.cpp, line 519]
Event: 5.887 Thread 0x000002112c9e11d0 Exception <a 'sun/nio/fs/WindowsException'{0x000000070b89f000}> (0x000000070b89f000) 
thrown [s\open\src\hotspot\share\prims\jni.cpp, line 519]
Event: 5.887 Thread 0x000002112c9e11d0 Exception <a 'sun/nio/fs/WindowsException'{0x000000070b89f918}> (0x000000070b89f918) 
thrown [s\open\src\hotspot\share\prims\jni.cpp, line 519]
Event: 5.887 Thread 0x000002112c9e11d0 Exception <a 'sun/nio/fs/WindowsException'{0x000000070b89fbe0}> (0x000000070b89fbe0) 
thrown [s\open\src\hotspot\share\prims\jni.cpp, line 519]
Event: 5.887 Thread 0x000002112c9e11d0 Exception <a 'sun/nio/fs/WindowsException'{0x000000070b8a04f0}> (0x000000070b8a04f0) 
thrown [s\open\src\hotspot\share\prims\jni.cpp, line 519]
Event: 5.887 Thread 0x000002112c9e11d0 Exception <a 'sun/nio/fs/WindowsException'{0x000000070b8a07b0}> (0x000000070b8a07b0) 
thrown [s\open\src\hotspot\share\prims\jni.cpp, line 519]
Event: 6.017 Thread 0x000002117f7b0740 Exception <a 'java/lang/NoSuchMethodError'{0x000000070b841928}: 'int java.lang.invoke.DirectMethodHandle$Holder.invokeStaticInit(java.lang.Object, java.lang.Object, java.lang.Object, java.lang.Object)'> (0x000000070b841928) 
thrown [s\open\src\hotspot\share\interpreter\linkResolver.cpp, line 773]
Event: 6.051 Thread 0x000002117f7b0740 Exception <a 'java/lang/NoSuchMethodError'{0x000000070b94f1a8}: 'java.lang.Object java.lang.invoke.DirectMethodHandle$Holder.invokeVirtual(java.lang.Object, java.lang.Object, java.lang.Object, java.lang.Object, java.lang.Object, java.lang.Object, java.lang.Object, java.lang.Object, java.lang.Object)'> (0x000000070b94f1a8) 
thrown [s\open\src\hotspot\share\interpreter\linkResolver.cpp, line 773]
Event: 6.099 Thread 0x000002117f7b0740 Exception <a 'java/lang/NoSuchMethodError'{0x0000000709c299f0}: 'java.lang.Object java.lang.invoke.DirectMethodHandle$Holder.invokeVirtual(java.lang.Object, java.lang.Object, java.lang.Object, java.lang.Object, java.lang.Object, java.lang.Object, java.lang.Object, java.lang.Object, java.lang.Object, java.lang.Object)'> (0x0000000709c299f0) 
thrown [s\open\src\hotspot\share\interpreter\linkResolver.cpp, line 773]
Event: 6.153 Thread 0x000002117f7b0740 Implicit null exception at 0x000002110fc74048 to 0x000002110fc7427c
Event: 6.153 Thread 0x000002117f7b0740 Implicit null exception at 0x000002110fbefaaf to 0x000002110fbefcbc
Event: 6.218 Thread 0x000002117f7b0740 Exception <a 'java/lang/NoSuchMethodError'{0x000000070979eee8}: 'java.lang.Object java.lang.invoke.DirectMethodHandle$Holder.newInvokeSpecial(java.lang.Object, java.lang.Object, int, java.lang.Object, java.lang.Object)'> (0x000000070979eee8) 
thrown [s\open\src\hotspot\share\interpreter\linkResolver.cpp, line 773]
Event: 6.219 Thread 0x000002117f7b0740 Exception <a 'java/lang/NoSuchMethodError'{0x00000007097a9d98}: 'java.lang.Object java.lang.invoke.DirectMethodHandle$Holder.invokeSpecial(java.lang.Object, java.lang.Object, int, java.lang.Object, int, java.lang.Object)'> (0x00000007097a9d98) 
thrown [s\open\src\hotspot\share\interpreter\linkResolver.cpp, line 773]
Event: 6.219 Thread 0x000002117f7b0740 Exception <a 'java/lang/NoSuchMethodError'{0x00000007097b18b8}: 'java.lang.Object java.lang.invoke.DirectMethodHandle$Holder.newInvokeSpecial(java.lang.Object, java.lang.Object, int, java.lang.Object, int)'> (0x00000007097b18b8) 
thrown [s\open\src\hotspot\share\interpreter\linkResolver.cpp, line 773]
Event: 6.220 Thread 0x000002117f7b0740 Exception <a 'java/lang/NoSuchMethodError'{0x00000007097b5728}: 'java.lang.Object java.lang.invoke.DirectMethodHandle$Holder.invokeSpecial(java.lang.Object, java.lang.Object, java.lang.Object, int, java.lang.Object, int)'> (0x00000007097b5728) 
thrown [s\open\src\hotspot\share\interpreter\linkResolver.cpp, line 773]
Event: 10.682 Thread 0x000002112c9e0730 Exception <a 'java/lang/NoSuchMethodError'{0x0000000708e24728}: 'java.lang.Object java.lang.invoke.DirectMethodHandle$Holder.invokeSpecial(java.lang.Object, java.lang.Object, java.lang.Object, java.lang.Object, java.lang.Object, long)'> (0x0000000708e24728) 
thrown [s\open\src\hotspot\share\interpreter\linkResolver.cpp, line 773]
Event: 10.682 Thread 0x000002112c9e0730 Exception <a 'java/lang/NoSuchMethodError'{0x0000000708e28130}: 'java.lang.Object java.lang.invoke.Invokers$Holder.linkToTargetMethod(java.lang.Object, java.lang.Object, java.lang.Object, long, java.lang.Object)'> (0x0000000708e28130) 
thrown [s\open\src\hotspot\share\interpreter\linkResolver.cpp, line 773]
Event: 10.817 Thread 0x000002112c9e0730 Exception <a 'java/lang/IncompatibleClassChangeError'{0x0000000709620568}: Found class java.lang.Object, but interface was expected> (0x0000000709620568) 
thrown [s\open\src\hotspot\share\interpreter\linkResolver.cpp, line 840]
Event: 312.093 Thread 0x000002112c9e5c30 Exception <a 'java/lang/NoSuchMethodError'{0x0000000709036060}: 'java.lang.Object java.lang.invoke.DirectMethodHandle$Holder.invokeStatic(java.lang.Object, int, int)'> (0x0000000709036060) 
thrown [s\open\src\hotspot\share\interpreter\linkResolver.cpp, line 773]

VM Operations (20 events):
Event: 530.572 Executing VM operation: get/set locals
Event: 530.572 Executing VM operation: get/set locals done
Event: 530.572 Executing VM operation: get/set locals
Event: 530.572 Executing VM operation: get/set locals done
Event: 530.572 Executing VM operation: get/set locals
Event: 530.572 Executing VM operation: get/set locals done
Event: 598.597 Executing VM operation: ChangeBreakpoints
Event: 598.597 Executing VM operation: ChangeBreakpoints done
Event: 598.619 Executing VM operation: ChangeSingleStep
Event: 598.620 Executing VM operation: ChangeSingleStep done
Event: 598.622 Executing VM operation: ChangeSingleStep
Event: 598.622 Executing VM operation: ChangeSingleStep done
Event: 598.624 Executing VM operation: ChangeSingleStep
Event: 598.624 Executing VM operation: ChangeSingleStep done
Event: 598.624 Executing VM operation: ChangeSingleStep
Event: 598.624 Executing VM operation: ChangeSingleStep done
Event: 598.633 Executing VM operation: RedefineClasses
Event: 598.654 Executing VM operation: RedefineClasses done
Event: 598.670 Executing VM operation: ChangeSingleStep
Event: 598.670 Executing VM operation: ChangeSingleStep done

Events (20 events):
Event: 312.160 Thread 0x000002111e8400c0 flushing nmethod 0x000002110fd4dc10
Event: 312.160 Thread 0x000002111e8400c0 flushing nmethod 0x000002110fd52890
Event: 312.160 Thread 0x000002111e8400c0 flushing nmethod 0x000002110fd34c10
Event: 312.160 Thread 0x000002111e8400c0 flushing nmethod 0x000002110fd49710
Event: 312.160 Thread 0x000002111e8400c0 flushing nmethod 0x000002110fd2c510
Event: 312.160 Thread 0x000002111e8400c0 flushing nmethod 0x000002110fbd4b10
Event: 312.160 Thread 0x000002111e8400c0 flushing nmethod 0x000002110fcf3990
Event: 312.160 Thread 0x000002111e8400c0 flushing nmethod 0x000002110fd43d10
Event: 312.160 Thread 0x000002111e8400c0 flushing nmethod 0x000002110fd2ab10
Event: 312.160 Thread 0x000002111e8400c0 flushing nmethod 0x000002110fd28810
Event: 312.160 Thread 0x000002111e8400c0 flushing nmethod 0x000002110fd28090
Event: 312.160 Thread 0x000002111e8400c0 flushing nmethod 0x000002110fc26b90
Event: 312.160 Thread 0x000002111e8400c0 flushing nmethod 0x000002110fbbdb10
Event: 312.160 Thread 0x000002111e8400c0 flushing nmethod 0x000002110fc5aa90
Event: 312.160 Thread 0x000002111e8400c0 flushing nmethod 0x000002110fbea190
Event: 312.160 Thread 0x000002111e8400c0 flushing nmethod 0x000002110fc04110
Event: 312.160 Thread 0x000002111e8400c0 flushing nmethod 0x000002110fb68a10
Event: 312.160 Thread 0x000002111e8400c0 flushing nmethod 0x000002110fb93290
Event: 312.160 Thread 0x000002111e8400c0 flushing nmethod 0x000002110fb3c490
Event: 312.160 Thread 0x000002111e8400c0 flushing nmethod 0x000002110fb29090


Dynamic libraries:
0x00007ff720220000 - 0x00007ff720230000 	C:\Program Files\Java\jdk-20\bin\javaw.exe
0x00007ffd15900000 - 0x00007ffd15b09000 	C:\WINDOWS\SYSTEM32\ntdll.dll
0x00007ffd13cb0000 - 0x00007ffd13d6e000 	C:\WINDOWS\System32\KERNEL32.DLL
0x00007ffd13240000 - 0x00007ffd135c4000 	C:\WINDOWS\System32\KERNELBASE.dll
0x00007ffd13650000 - 0x00007ffd13761000 	C:\WINDOWS\System32\ucrtbase.dll
0x00007ffd0bac0000 - 0x00007ffd0bad9000 	C:\Program Files\Java\jdk-20\bin\jli.dll
0x00007ffd0baa0000 - 0x00007ffd0babb000 	C:\Program Files\Java\jdk-20\bin\VCRUNTIME140.dll
0x00007ffd14cb0000 - 0x00007ffd14d5f000 	C:\WINDOWS\System32\ADVAPI32.dll
0x00007ffd14d60000 - 0x00007ffd14e03000 	C:\WINDOWS\System32\msvcrt.dll
0x00007ffd14ff0000 - 0x00007ffd1508e000 	C:\WINDOWS\System32\sechost.dll
0x00007ffd14ec0000 - 0x00007ffd14fe1000 	C:\WINDOWS\System32\RPCRT4.dll
0x00007ffd15660000 - 0x00007ffd1580d000 	C:\WINDOWS\System32\USER32.dll
0x00007ffd12db0000 - 0x00007ffd12dd6000 	C:\WINDOWS\System32\win32u.dll
0x00007ffd15880000 - 0x00007ffd158aa000 	C:\WINDOWS\System32\GDI32.dll
0x00007ffd13060000 - 0x00007ffd1317f000 	C:\WINDOWS\System32\gdi32full.dll
0x00007ffcee610000 - 0x00007ffcee8b5000 	C:\WINDOWS\WinSxS\amd64_microsoft.windows.common-controls_6595b64144ccf1df_6.0.22000.120_none_9d947278b86cc467\COMCTL32.dll
0x00007ffd12de0000 - 0x00007ffd12e7d000 	C:\WINDOWS\System32\msvcp_win.dll
0x00007ffd058a0000 - 0x00007ffd058aa000 	C:\WINDOWS\SYSTEM32\VERSION.dll
0x00007ffd15620000 - 0x00007ffd15651000 	C:\WINDOWS\System32\IMM32.DLL
0x000002117d680000 - 0x000002117d694000 	C:\WINDOWS\System32\umppc16606.dll
0x00007ffd116d0000 - 0x00007ffd117e0000 	C:\Program Files\Avecto\Privilege Guard Client\PGHook.dll
0x00007ffd0ba90000 - 0x00007ffd0ba9c000 	C:\Program Files\Java\jdk-20\bin\vcruntime140_1.dll
0x00007ffce71a0000 - 0x00007ffce722e000 	C:\Program Files\Java\jdk-20\bin\msvcp140.dll
0x00007ffc932c0000 - 0x00007ffc93f57000 	C:\Program Files\Java\jdk-20\bin\server\jvm.dll
0x00007ffcf5440000 - 0x00007ffcf5449000 	C:\WINDOWS\SYSTEM32\WSOCK32.dll
0x00007ffd150b0000 - 0x00007ffd1511f000 	C:\WINDOWS\System32\WS2_32.dll
0x00007ffd07500000 - 0x00007ffd07533000 	C:\WINDOWS\SYSTEM32\WINMM.dll
0x00007ffd11dc0000 - 0x00007ffd11dd8000 	C:\WINDOWS\SYSTEM32\kernel.appcore.dll
0x00007ffd0ba40000 - 0x00007ffd0ba4a000 	C:\Program Files\Java\jdk-20\bin\jimage.dll
0x00007ffd106d0000 - 0x00007ffd108f1000 	C:\WINDOWS\SYSTEM32\DBGHELP.DLL
0x00007ffcf1150000 - 0x00007ffcf1181000 	C:\WINDOWS\SYSTEM32\dbgcore.DLL
0x00007ffd135d0000 - 0x00007ffd1364f000 	C:\WINDOWS\System32\bcryptPrimitives.dll
0x00007ffd07dd0000 - 0x00007ffd07e0c000 	C:\Program Files\Java\jdk-20\bin\jdwp.dll
0x00007ffd0ba30000 - 0x00007ffd0ba3e000 	C:\Program Files\Java\jdk-20\bin\instrument.dll
0x00007ffd07690000 - 0x00007ffd076b6000 	C:\Program Files\Java\jdk-20\bin\java.dll
0x00007ffcd38a0000 - 0x00007ffcd3977000 	C:\Program Files\Java\jdk-20\bin\jsvml.dll
0x00007ffd14020000 - 0x00007ffd147e5000 	C:\WINDOWS\System32\SHELL32.dll
0x00007ffd10bb0000 - 0x00007ffd11414000 	C:\WINDOWS\SYSTEM32\windows.storage.dll
0x00007ffd138b0000 - 0x00007ffd13c26000 	C:\WINDOWS\System32\combase.dll
0x00007ffd10a40000 - 0x00007ffd10ba7000 	C:\WINDOWS\SYSTEM32\wintypes.dll
0x00007ffd14aa0000 - 0x00007ffd14b8a000 	C:\WINDOWS\System32\SHCORE.dll
0x00007ffd14a30000 - 0x00007ffd14a8d000 	C:\WINDOWS\System32\shlwapi.dll
0x00007ffd12ce0000 - 0x00007ffd12d01000 	C:\WINDOWS\SYSTEM32\profapi.dll
0x00007ffd092b0000 - 0x00007ffd092bc000 	C:\Program Files\Java\jdk-20\bin\dt_socket.dll
0x00007ffd117e0000 - 0x00007ffd1180d000 	C:\WINDOWS\SYSTEM32\IPHLPAPI.DLL
0x00007ffd12370000 - 0x00007ffd123d7000 	C:\WINDOWS\system32\mswsock.dll
0x00007ffd11810000 - 0x00007ffd118f8000 	C:\WINDOWS\SYSTEM32\DNSAPI.dll
0x00007ffd14a90000 - 0x00007ffd14a99000 	C:\WINDOWS\System32\NSI.dll
0x00007ffd07a40000 - 0x00007ffd07a4a000 	C:\Windows\System32\rasadhlp.dll
0x00007ffd07fa0000 - 0x00007ffd08022000 	C:\WINDOWS\System32\fwpuclnt.dll
0x00007ffd07d10000 - 0x00007ffd07d28000 	C:\Program Files\Java\jdk-20\bin\zip.dll
0x00007ffd05c60000 - 0x00007ffd05c73000 	C:\Program Files\Java\jdk-20\bin\net.dll
0x00007ffd11de0000 - 0x00007ffd11ef3000 	C:\WINDOWS\SYSTEM32\WINHTTP.dll
0x00007ffcf7920000 - 0x00007ffcf7936000 	C:\Program Files\Java\jdk-20\bin\nio.dll
0x00007ffd07dc0000 - 0x00007ffd07dd0000 	C:\Program Files\Java\jdk-20\bin\verify.dll
0x00007ffd12640000 - 0x00007ffd12658000 	C:\WINDOWS\SYSTEM32\CRYPTSP.dll
0x00007ffd11d20000 - 0x00007ffd11d55000 	C:\WINDOWS\system32\rsaenh.dll
0x00007ffd12410000 - 0x00007ffd12439000 	C:\WINDOWS\SYSTEM32\USERENV.dll
0x00007ffd12790000 - 0x00007ffd127b7000 	C:\WINDOWS\SYSTEM32\bcrypt.dll
0x00007ffd12560000 - 0x00007ffd1256c000 	C:\WINDOWS\SYSTEM32\CRYPTBASE.dll
0x00007ffd08df0000 - 0x00007ffd08e09000 	C:\WINDOWS\SYSTEM32\dhcpcsvc6.DLL
0x00007ffd08f00000 - 0x00007ffd08f1e000 	C:\WINDOWS\SYSTEM32\dhcpcsvc.DLL
0x00007ffd07680000 - 0x00007ffd0768e000 	C:\Program Files\Java\jdk-20\bin\sunmscapi.dll
0x00007ffd12e80000 - 0x00007ffd12fea000 	C:\WINDOWS\System32\CRYPT32.dll
0x00007ffd12760000 - 0x00007ffd1278a000 	C:\WINDOWS\SYSTEM32\ncrypt.dll
0x00007ffd12720000 - 0x00007ffd12757000 	C:\WINDOWS\SYSTEM32\NTASN1.dll
0x00007ffd07660000 - 0x00007ffd0766a000 	C:\Program Files\Java\jdk-20\bin\management.dll
0x00007ffcf8100000 - 0x00007ffcf810b000 	C:\Program Files\Java\jdk-20\bin\management_ext.dll
0x00007ffd158b0000 - 0x00007ffd158b8000 	C:\WINDOWS\System32\PSAPI.DLL
0x00007ffcf79b0000 - 0x00007ffcf79b7000 	C:\Program Files\Java\jdk-20\bin\extnet.dll
0x00007ffcf7900000 - 0x00007ffcf7908000 	C:\WINDOWS\system32\wshunix.dll

dbghelp: loaded successfully - version: 4.0.5 - missing functions: none
symbol engine: initialized successfully - sym options: 0x614 - pdb path: .;C:\Program Files\Java\jdk-20\bin;C:\WINDOWS\SYSTEM32;C:\WINDOWS\WinSxS\amd64_microsoft.windows.common-controls_6595b64144ccf1df_6.0.22000.120_none_9d947278b86cc467;C:\Program Files\Avecto\Privilege Guard Client;C:\Program Files\Java\jdk-20\bin\server

VM Arguments:
jvm_args: -XX:+ShowCodeDetailsInExceptionMessages -agentlib:jdwp=transport=dt_socket,suspend=y,address=localhost:52799 -javaagent:C:\Users\pmonreal\eclipse\java-2023-03\eclipse\configuration\org.eclipse.osgi\231\0\.cp\lib\javaagent-shaded.jar -Dfile.encoding=UTF-8 
java_command: com.ccsw.tutorial.TutorialApplication
java_class_path (initial): C:\Users\pmonreal\Proyecto\tutorial\target\classes;C:\Users\pmonreal\.m2\repository\org\springframework\boot\spring-boot-starter-data-jpa\3.0.5\spring-boot-starter-data-jpa-3.0.5.jar;C:\Users\pmonreal\.m2\repository\org\springframework\boot\spring-boot-starter-aop\3.0.5\spring-boot-starter-aop-3.0.5.jar;C:\Users\pmonreal\.m2\repository\org\springframework\spring-aop\6.0.7\spring-aop-6.0.7.jar;C:\Users\pmonreal\.m2\repository\org\aspectj\aspectjweaver\1.9.19\aspectjweaver-1.9.19.jar;C:\Users\pmonreal\.m2\repository\org\springframework\boot\spring-boot-starter-jdbc\3.0.5\spring-boot-starter-jdbc-3.0.5.jar;C:\Users\pmonreal\.m2\repository\com\zaxxer\HikariCP\5.0.1\HikariCP-5.0.1.jar;C:\Users\pmonreal\.m2\repository\org\springframework\spring-jdbc\6.0.7\spring-jdbc-6.0.7.jar;C:\Users\pmonreal\.m2\repository\org\hibernate\orm\hibernate-core\6.1.7.Final\hibernate-core-6.1.7.Final.jar;C:\Users\pmonreal\.m2\repository\jakarta\persistence\jakarta.persistence-api\3.1.0\jakarta.persistence-api-3.1.0.jar;C:\Users\pmonreal\.m2\repository\jakarta\transaction\jakarta.transaction-api\2.0.1\jakarta.transaction-api-2.0.1.jar;C:\Users\pmonreal\.m2\repository\org\hibernate\common\hibernate-commons-annotations\6.0.6.Final\hibernate-commons-annotations-6.0.6.Final.jar;C:\Users\pmonreal\.m2\repository\org\jboss\jandex\2.4.2.Final\jandex-2.4.2.Final.jar;C:\Users\pmonreal\.m2\repository\net\bytebuddy\byte-buddy\1.12.23\byte-buddy-1.12.23.jar;C:\Users\pmonreal\.m2\repository\org\glassfish\jaxb\jaxb-runtime\4.0.2\jaxb-runtime-4.0.2.jar;C:\Users\pmonreal\.m2\repository\org\glassfish\jaxb\jaxb-core\4.0.2\jaxb-core-4.0.2.jar;C:\Users\pmonreal\.m2\repository\org\eclipse\angus\angus-activation\2.0.0\angus-activation-2.0.0.jar;C:\Users\pmonreal\.m2\repository\org\glassfish\jaxb\txw2\4.0.2\txw2-4.0.2.jar;C:\Users\pmonreal\.m2\repository\com\sun\istack\istack-commons-runtime\4.1.1\istack-commons-runtime-4.1.1.jar;C:\Users\pmonreal\.m2\repository\jakarta\inject\jakarta.inject-api\2.0.0\jakarta.inject-api-2.0.0.jar;C:\Users\pmonreal\.m2\repository\org\antlr\antlr4-runtime\4.10.1\antlr4-runtime-4.10.1.jar;C:\Users\pmonreal\.m2\repository\org\springframework\data\spring-data-jpa\3.0.4\spring-data-jpa-3.0.4.jar;C:\Users\pmonreal\.m2\repository\org\springframework\data\spring-data-commons\3.0.4\spring-data-commons-3.0.4.jar;C:\Users\pmonreal\.m2\repository\org\springframework\spring-orm\6.0.7\spring-orm-6.0.7.jar;C:\Users\pmonreal\.m2\repository\org\springframework\spring-context\6.0.7\spring-context-6.0.7.jar;C:\Users\pmonreal\.m2\repository\org\springframework\spring-tx\6.0.7\spring-tx-6.0.7.jar;C:\Users\pmonreal\.m2\repository\org\springframework\spring-beans\6.0.7\spring-beans-6.0.7.jar;C:\Users\pmonreal\.m2\repository\jakarta\annotation\jakarta.annotation-api\2.1.1\jakarta.annotation-api-2.1.1.jar;C:\Users\pmonreal\.m2\repository\org\springframework\spring-aspects\6.0.7\spring-aspects-6.0.7.jar;C:\Users\pmonreal\.m2\repository\org\springframework\boot\spring-boot-starter-web\3.0.5\spring-boot-starter-web-3.0.5.jar;C:\Users\pmonreal\.m2\repository\org\springframework\boot\spring-boot-starter\3.0.5\spring-boot-starter-3.0.5.jar;C:\Users\pmonreal\.m2\repository\org\springframework\boot\spring-boot\3.0.5\spring-boot-3.0.5.jar;C:\Users\pmonreal\.m2\repository\org\springframework\boot\spring-boot-autoconfigure\3.0.5\spring-boot-autoconfigure-3.0.5.jar;C:\Users\pmonreal\.m2\repository\org\springframework\boot\spring-boot-starter-logging\3.0.5\spring-boot-starter-logging-3.0.5.jar;C:\Users\pmonreal\.m2\repository\ch\qos\logback\logback-classic\1.4.6\logback-classic-1.4.6.jar;C:\Users\pmonreal\.m2\repository\ch\qos\logback\logback-core\1.4.6\logback-core-1.4.6.jar;C:\Users\pmonreal\.m2\repository\org\apache\logging\log4j\log4j-to-slf4j\2.19.0\log4j-to-slf4j-2.19.0.jar;C:\Users\pmonreal\.m2\repository\org\apache\logging\log4j\log4j-api\2.19.0\log4j-api-2.19.0.jar;C:\Users\pmonreal\.m2\repository\org\slf4j\jul-to-slf4j\2.0.7\jul-to-slf4j-2.0.7.jar;C:\Users\pmonreal\.m2\repository\org\yaml\snakeyaml\1.33\snakeyaml-1.33.jar;C:\Users\pmonreal\.m2\repository\org\springframework\boot\spring-boot-starter-json\3.0.5\spring-boot-starter-json-3.0.5.jar;C:\Users\pmonreal\.m2\repository\com\fasterxml\jackson\core\jackson-databind\2.14.2\jackson-databind-2.14.2.jar;C:\Users\pmonreal\.m2\repository\com\fasterxml\jackson\core\jackson-annotations\2.14.2\jackson-annotations-2.14.2.jar;C:\Users\pmonreal\.m2\repository\com\fasterxml\jackson\core\jackson-core\2.14.2\jackson-core-2.14.2.jar;C:\Users\pmonreal\.m2\repository\com\fasterxml\jackson\datatype\jackson-datatype-jdk8\2.14.2\jackson-datatype-jdk8-2.14.2.jar;C:\Users\pmonreal\.m2\repository\com\fasterxml\jackson\datatype\jackson-datatype-jsr310\2.14.2\jackson-datatype-jsr310-2.14.2.jar;C:\Users\pmonreal\.m2\repository\com\fasterxml\jackson\module\jackson-module-parameter-names\2.14.2\jackson-module-parameter-names-2.14.2.jar;C:\Users\pmonreal\.m2\repository\org\springframework\boot\spring-boot-starter-tomcat\3.0.5\spring-boot-starter-tomcat-3.0.5.jar;C:\Users\pmonreal\.m2\repository\org\apache\tomcat\embed\tomcat-embed-core\10.1.7\tomcat-embed-core-10.1.7.jar;C:\Users\pmonreal\.m2\repository\org\apache\tomcat\embed\tomcat-embed-el\10.1.7\tomcat-embed-el-10.1.7.jar;C:\Users\pmonreal\.m2\repository\org\apache\tomcat\embed\tomcat-embed-websocket\10.1.7\tomcat-embed-websocket-10.1.7.jar;C:\Users\pmonreal\.m2\repository\org\springframework\spring-web\6.0.7\spring-web-6.0.7.jar;C:\Users\pmonreal\.m2\repository\io\micrometer\micrometer-observation\1.10.5\micrometer-observation-1.10.5.jar;C:\Users\pmonreal\.m2\repository\io\micrometer\micrometer-commons\1.10.5\micrometer-commons-1.10.5.jar;C:\Users\pmonreal\.m2\repository\org\springframework\spring-webmvc\6.0.7\spring-webmvc-6.0.7.jar;C:\Users\pmonreal\.m2\repository\org\springframework\spring-expression\6.0.7\spring-expression-6.0.7.jar;C:\Users\pmonreal\.m2\repository\io\craftsman\dozer-jdk8-support\1.0.6\dozer-jdk8-support-1.0.6.jar;C:\Users\pmonreal\.m2\repository\org\springdoc\springdoc-openapi-starter-webmvc-ui\2.0.3\springdoc-openapi-starter-webmvc-ui-2.0.3.jar;C:\Users\pmonreal\.m2\repository\org\springdoc\springdoc-openapi-starter-webmvc-api\2.0.3\springdoc-openapi-starter-webmvc-api-2.0.3.jar;C:\Users\pmonreal\.m2\repository\org\springdoc\springdoc-openapi-starter-common\2.0.3\springdoc-openapi-starter-common-2.0.3.jar;C:\Users\pmonreal\.m2\repository\io\swagger\core\v3\swagger-core-jakarta\2.2.8\swagger-core-jakarta-2.2.8.jar;C:\Users\pmonreal\.m2\repository\io\swagger\core\v3\swagger-annotations-jakarta\2.2.8\swagger-annotations-jakarta-2.2.8.jar;C:\Users\pmonreal\.m2\repository\io\swagger\core\v3\swagger-models-jakarta\2.2.8\swagger-models-jakarta-2.2.8.jar;C:\Users\pmonreal\.m2\repository\com\fasterxml\jackson\dataformat\jackson-dataformat-yaml\2.14.2\jackson-dataformat-yaml-2.14.2.jar;C:\Users\pmonreal\.m2\repository\org\webjars\swagger-ui\4.17.1\swagger-ui-4.17.1.jar;C:\Users\pmonreal\.m2\repository\org\webjars\webjars-locator-core\0.52\webjars-locator-core-0.52.jar;C:\Users\pmonreal\.m2\repository\io\github\classgraph\classgraph\4.8.149\classgraph-4.8.149.jar;C:\Users\pmonreal\.m2\repository\org\hibernate\validator\hibernate-validator\8.0.0.Final\hibernate-validator-8.0.0.Final.jar;C:\Users\pmonreal\.m2\repository\jakarta\validation\jakarta.validation-api\3.0.2\jakarta.validation-api-3.0.2.jar;C:\Users\pmonreal\.m2\repository\org\jboss\logging\jboss-logging\3.5.0.Final\jboss-logging-3.5.0.Final.jar;C:\Users\pmonreal\.m2\repository\com\fasterxml\classmate\1.5.1\classmate-1.5.1.jar;C:\Users\pmonreal\.m2\repository\net\sf\dozer\dozer\5.5.1\dozer-5.5.1.jar;C:\Users\pmonreal\.m2\repository\commons-beanutils\commons-beanutils\1.9.1\commons-beanutils-1.9.1.jar;C:\Users\pmonreal\.m2\repository\commons-collections\commons-collections\3.2.1\commons-collections-3.2.1.jar;C:\Users\pmonreal\.m2\repository\org\apache\commons\commons-lang3\3.12.0\commons-lang3-3.12.0.jar;C:\Users\pmonreal\.m2\repository\org\slf4j\slf4j-api\2.0.7\slf4j-api-2.0.7.jar;C:\Users\pmonreal\.m2\repository\org\slf4j\jcl-over-slf4j\2.0.7\jcl-over-slf4j-2.0.7.jar;C:\Users\pmonreal\.m2\repository\com\h2database\h2\2.1.214\h2-2.1.214.jar;C:\Users\pmonreal\.m2\repository\jakarta\xml\bind\jakarta.xml.bind-api\4.0.0\jakarta.xml.bind-api-4.0.0.jar;C:\Users\pmonreal\.m2\repository\jakarta\activation\jakarta.activation-api\2.1.1\jakarta.activation-api-2.1.1.jar;C:\Users\pmonreal\.m2\repository\org\springframework\spring-core\6.0.7\spring-core-6.0.7.jar;C:\Users\pmonreal\.m2\repository\org\springframework\spring-jcl\6.0.7\spring-jcl-6.0.7.jar
Launcher Type: SUN_STANDARD

[Global flags]
     intx CICompilerCount                          = 4                                         {product} {ergonomic}
     uint ConcGCThreads                            = 2                                         {product} {ergonomic}
     uint G1ConcRefinementThreads                  = 8                                         {product} {ergonomic}
   size_t G1HeapRegionSize                         = 2097152                                   {product} {ergonomic}
    uintx GCDrainStackTargetSize                   = 64                                        {product} {ergonomic}
   size_t InitialHeapSize                          = 264241152                                 {product} {ergonomic}
   size_t MarkStackSize                            = 4194304                                   {product} {ergonomic}
   size_t MaxHeapSize                              = 4213178368                                {product} {ergonomic}
   size_t MaxNewSize                               = 2527068160                                {product} {ergonomic}
   size_t MinHeapDeltaBytes                        = 2097152                                   {product} {ergonomic}
   size_t MinHeapSize                              = 8388608                                   {product} {ergonomic}
    uintx NonNMethodCodeHeapSize                   = 5839372                                {pd product} {ergonomic}
    uintx NonProfiledCodeHeapSize                  = 122909434                              {pd product} {ergonomic}
    uintx ProfiledCodeHeapSize                     = 122909434                              {pd product} {ergonomic}
    uintx ReservedCodeCacheSize                    = 251658240                              {pd product} {ergonomic}
     bool SegmentedCodeCache                       = true                                      {product} {ergonomic}
     bool ShowCodeDetailsInExceptionMessages       = true                                   {manageable} {command line}
   size_t SoftMaxHeapSize                          = 4213178368                             {manageable} {ergonomic}
     bool UseCompressedClassPointers               = true                           {product lp64_product} {ergonomic}
     bool UseCompressedOops                        = true                           {product lp64_product} {ergonomic}
     bool UseG1GC                                  = true                                      {product} {ergonomic}
     bool UseLargePagesIndividualAllocation        = false                                  {pd product} {ergonomic}

Logging:
Log output configuration:
 #0: stdout all=warning uptime,level,tags foldmultilines=false
 #1: stderr all=off uptime,level,tags foldmultilines=false

Environment Variables:
PATH=C:/Users/pmonreal/.p2/pool/plugins/org.eclipse.justj.openjdk.hotspot.jre.full.win32.x86_64_17.0.6.v20230204-1729/jre/bin/server;C:/Users/pmonreal/.p2/pool/plugins/org.eclipse.justj.openjdk.hotspot.jre.full.win32.x86_64_17.0.6.v20230204-1729/jre/bin;C:\Program Files\Common Files\Oracle\Java\javapath;C:\Python311\Scripts\;C:\Python311\;C:\Program Files\Eclipse Adoptium\jdk-17.0.3.7-hotspot\bin;C:\WINDOWS\system32;C:\WINDOWS;C:\WINDOWS\System32\Wbem;C:\WINDOWS\System32\WindowsPowerShell\v1.0\;C:\WINDOWS\System32\OpenSSH\;C:\Program Files\nodejs\;C:\ProgramData\chocolatey\bin;C:\Users\pmonreal\AppData\Local\Microsoft\WindowsApps;;C:\Users\pmonreal\AppData\Local\Programs\Microsoft VS Code\bin;C:\Users\pmonreal\AppData\Roaming\npm;C:\Users\pmonreal\Desktop;
USERNAME=pmonreal
OS=Windows_NT
PROCESSOR_IDENTIFIER=Intel64 Family 6 Model 140 Stepping 1, GenuineIntel
TMP=C:\Users\pmonreal\AppData\Local\Temp
TEMP=C:\Users\pmonreal\AppData\Local\Temp




---------------  S Y S T E M  ---------------

OS:
 Windows 11 , 64 bit Build 22000 (10.0.22000.1880)
OS uptime: 2 days 12:57 hours
Hyper-V role detected

CPU: total 8 (initial active 8) (4 cores per cpu, 2 threads per core) family 6 model 140 stepping 1 microcode 0xa6, cx8, cmov, fxsr, ht, mmx, 3dnowpref, sse, sse2, sse3, ssse3, sse4.1, sse4.2, popcnt, lzcnt, tsc, tscinvbit, avx, avx2, aes, erms, clmul, bmi1, bmi2, adx, avx512f, avx512dq, avx512cd, avx512bw, avx512vl, sha, fma, vzeroupper, avx512_vpopcntdq, avx512_vpclmulqdq, avx512_vaes, avx512_vnni, clflush, clflushopt, clwb, avx512_vbmi2, avx512_vbmi, hv, rdtscp, rdpid, fsrm, gfni, avx512_bitalg, f16c, cet_ibt, cet_ss, avx512_ifma

Memory: 4k page, system-wide physical 16064M (3892M free)
TotalPageFile size 18496M (AvailPageFile size 2947M)
current process WorkingSet (physical memory assigned to process): 266M, peak: 384M
current process commit charge ("private bytes"): 302M, peak: 438M

vm_info: Java HotSpot(TM) 64-Bit Server VM (20+36-2344) for windows-amd64 JRE (20+36-2344), built on 2023-02-10T19:30:15Z by "mach5one" with MS VC++ 17.1 (VS2022)

END.
